[18-Oct-2014 07:07:17 UTC] PHP Warning:  POST Content-Length of 21056361 bytes exceeds the limit of 8388608 bytes in Unknown on line 0
[19-Oct-2014 02:54:00 UTC] PHP Warning:  POST Content-Length of 21056361 bytes exceeds the limit of 8388608 bytes in Unknown on line 0
[19-Oct-2014 02:58:52 UTC] PHP Warning:  POST Content-Length of 21056363 bytes exceeds the limit of 8388608 bytes in Unknown on line 0
[19-Oct-2014 10:07:59 Asia/Ho_Chi_Minh] PHP Warning:  set_time_limit() has been disabled for security reasons in /home/u994114791/public_html/prestashop/modules/cronjobs/cronjobs.php on line 264
[19-Oct-2014 13:19:42 Asia/Ho_Chi_Minh] PHP Warning:  Invalid argument supplied for foreach() in /home/u994114791/public_html/prestashop/classes/controller/AdminController.php on line 1535
[19-Oct-2014 13:33:26 Asia/Ho_Chi_Minh] PHP Warning:  is_dir() [<a href='function.is-dir'>function.is-dir</a>]: open_basedir restriction in effect. File(/home/u994114791/public_html/prestashop/modules/.htaccess/mails/vn) is not within the allowed path(s): (/home/u994114791:/tmp:/var/tmp:/opt/php-5.3/pear) in /home/u994114791/public_html/prestashop/classes/Language.php on line 466
[19-Oct-2014 13:33:26 Asia/Ho_Chi_Minh] PHP Warning:  is_dir() [<a href='function.is-dir'>function.is-dir</a>]: open_basedir restriction in effect. File(/home/u994114791/public_html/prestashop/modules/.htaccess/mails/) is not within the allowed path(s): (/home/u994114791:/tmp:/var/tmp:/opt/php-5.3/pear) in /home/u994114791/public_html/prestashop/classes/Language.php on line 466
[19-Oct-2014 13:33:26 Asia/Ho_Chi_Minh] PHP Warning:  file_exists() [<a href='function.file-exists'>function.file-exists</a>]: open_basedir restriction in effect. File(/home/u994114791/public_html/prestashop/modules/.htaccess/vn.php) is not within the allowed path(s): (/home/u994114791:/tmp:/var/tmp:/opt/php-5.3/pear) in /home/u994114791/public_html/prestashop/classes/Language.php on line 518
[19-Oct-2014 13:33:26 Asia/Ho_Chi_Minh] PHP Warning:  is_dir() [<a href='function.is-dir'>function.is-dir</a>]: open_basedir restriction in effect. File(/home/u994114791/public_html/prestashop/modules/index.php/mails/vn) is not within the allowed path(s): (/home/u994114791:/tmp:/var/tmp:/opt/php-5.3/pear) in /home/u994114791/public_html/prestashop/classes/Language.php on line 466
[19-Oct-2014 13:33:26 Asia/Ho_Chi_Minh] PHP Warning:  is_dir() [<a href='function.is-dir'>function.is-dir</a>]: open_basedir restriction in effect. File(/home/u994114791/public_html/prestashop/modules/index.php/mails/) is not within the allowed path(s): (/home/u994114791:/tmp:/var/tmp:/opt/php-5.3/pear) in /home/u994114791/public_html/prestashop/classes/Language.php on line 466
[19-Oct-2014 13:33:26 Asia/Ho_Chi_Minh] PHP Warning:  file_exists() [<a href='function.file-exists'>function.file-exists</a>]: open_basedir restriction in effect. File(/home/u994114791/public_html/prestashop/modules/index.php/vn.php) is not within the allowed path(s): (/home/u994114791:/tmp:/var/tmp:/opt/php-5.3/pear) in /home/u994114791/public_html/prestashop/classes/Language.php on line 518
[19-Oct-2014 16:09:46 Asia/Ho_Chi_Minh] PHP Fatal error:  Uncaught  --> Smarty: Call of unknown method 'clear_compiled_tpl'. <-- 
  thrown in /home/u994114791/public_html/prestashop/tools/smarty/sysplugins/smarty_internal_templatebase.php on line 858
[19-Oct-2014 16:09:56 Asia/Ho_Chi_Minh] PHP Fatal error:  Uncaught  --> Smarty: Call of unknown method 'clear_compiled_tpl'. <-- 
  thrown in /home/u994114791/public_html/prestashop/tools/smarty/sysplugins/smarty_internal_templatebase.php on line 858
[19-Oct-2014 16:10:05 Asia/Ho_Chi_Minh] PHP Fatal error:  Uncaught  --> Smarty: Call of unknown method 'clear_compiled_tpl'. <-- 
  thrown in /home/u994114791/public_html/prestashop/tools/smarty/sysplugins/smarty_internal_templatebase.php on line 858
[19-Oct-2014 16:21:46 Asia/Ho_Chi_Minh] PHP Fatal error:  Uncaught  --> Smarty: Call of unknown method 'clear_compiled_tpl'. <-- 
  thrown in /home/u994114791/public_html/prestashop/tools/smarty/sysplugins/smarty_internal_templatebase.php on line 858
[19-Oct-2014 16:22:57 Asia/Ho_Chi_Minh] PHP Fatal error:  Uncaught  --> Smarty: Call of unknown method 'clear_compiled_tpl'. <-- 
  thrown in /home/u994114791/public_html/prestashop/tools/smarty/sysplugins/smarty_internal_templatebase.php on line 858
[19-Oct-2014 16:23:02 Asia/Ho_Chi_Minh] PHP Fatal error:  Uncaught  --> Smarty: Call of unknown method 'clear_compiled_tpl'. <-- 
  thrown in /home/u994114791/public_html/prestashop/tools/smarty/sysplugins/smarty_internal_templatebase.php on line 858
[19-Oct-2014 16:23:10 Asia/Ho_Chi_Minh] PHP Fatal error:  Uncaught  --> Smarty: Call of unknown method 'clear_compiled_tpl'. <-- 
  thrown in /home/u994114791/public_html/prestashop/tools/smarty/sysplugins/smarty_internal_templatebase.php on line 858
[19-Oct-2014 16:23:14 Asia/Ho_Chi_Minh] PHP Fatal error:  Uncaught  --> Smarty: Call of unknown method 'clear_compiled_tpl'. <-- 
  thrown in /home/u994114791/public_html/prestashop/tools/smarty/sysplugins/smarty_internal_templatebase.php on line 858
[19-Oct-2014 16:23:18 Asia/Ho_Chi_Minh] PHP Fatal error:  Uncaught  --> Smarty: Call of unknown method 'clear_compiled_tpl'. <-- 
  thrown in /home/u994114791/public_html/prestashop/tools/smarty/sysplugins/smarty_internal_templatebase.php on line 858
[19-Oct-2014 16:23:25 Asia/Ho_Chi_Minh] PHP Fatal error:  Uncaught  --> Smarty: Call of unknown method 'clear_compiled_tpl'. <-- 
  thrown in /home/u994114791/public_html/prestashop/tools/smarty/sysplugins/smarty_internal_templatebase.php on line 858
[19-Oct-2014 16:23:37 Asia/Ho_Chi_Minh] PHP Fatal error:  Uncaught  --> Smarty: Call of unknown method 'clear_compiled_tpl'. <-- 
  thrown in /home/u994114791/public_html/prestashop/tools/smarty/sysplugins/smarty_internal_templatebase.php on line 858
[19-Oct-2014 16:23:43 Asia/Ho_Chi_Minh] PHP Fatal error:  Uncaught  --> Smarty: Call of unknown method 'clear_compiled_tpl'. <-- 
  thrown in /home/u994114791/public_html/prestashop/tools/smarty/sysplugins/smarty_internal_templatebase.php on line 858
[19-Oct-2014 16:24:16 Asia/Ho_Chi_Minh] PHP Fatal error:  Uncaught  --> Smarty: Call of unknown method 'clear_compiled_tpl'. <-- 
  thrown in /home/u994114791/public_html/prestashop/tools/smarty/sysplugins/smarty_internal_templatebase.php on line 858
[20-Oct-2014 12:23:38 Asia/Ho_Chi_Minh] PHP Fatal error:  Uncaught  --> Smarty: Call of unknown method 'clear_compiled_tpl'. <-- 
  thrown in /home/u994114791/public_html/prestashop/tools/smarty/sysplugins/smarty_internal_templatebase.php on line 858
[20-Oct-2014 12:23:44 Asia/Ho_Chi_Minh] PHP Fatal error:  Uncaught  --> Smarty: Call of unknown method 'clear_compiled_tpl'. <-- 
  thrown in /home/u994114791/public_html/prestashop/tools/smarty/sysplugins/smarty_internal_templatebase.php on line 858
[20-Oct-2014 12:23:54 Asia/Ho_Chi_Minh] PHP Fatal error:  Uncaught  --> Smarty: Call of unknown method 'clear_compiled_tpl'. <-- 
  thrown in /home/u994114791/public_html/prestashop/tools/smarty/sysplugins/smarty_internal_templatebase.php on line 858
[20-Oct-2014 12:23:58 Asia/Ho_Chi_Minh] PHP Fatal error:  Uncaught  --> Smarty: Call of unknown method 'clear_compiled_tpl'. <-- 
  thrown in /home/u994114791/public_html/prestashop/tools/smarty/sysplugins/smarty_internal_templatebase.php on line 858
[20-Oct-2014 12:24:04 Asia/Ho_Chi_Minh] PHP Fatal error:  Uncaught  --> Smarty: Call of unknown method 'clear_compiled_tpl'. <-- 
  thrown in /home/u994114791/public_html/prestashop/tools/smarty/sysplugins/smarty_internal_templatebase.php on line 858
[20-Oct-2014 12:25:38 Asia/Ho_Chi_Minh] PHP Fatal error:  Uncaught  --> Smarty: Call of unknown method 'clear_compiled_tpl'. <-- 
  thrown in /home/u994114791/public_html/prestashop/tools/smarty/sysplugins/smarty_internal_templatebase.php on line 858
[20-Oct-2014 12:25:52 Asia/Ho_Chi_Minh] PHP Fatal error:  Uncaught  --> Smarty: Call of unknown method 'clear_compiled_tpl'. <-- 
  thrown in /home/u994114791/public_html/prestashop/tools/smarty/sysplugins/smarty_internal_templatebase.php on line 858
[20-Oct-2014 12:26:11 Asia/Ho_Chi_Minh] PHP Fatal error:  Uncaught  --> Smarty: Call of unknown method 'clear_compiled_tpl'. <-- 
  thrown in /home/u994114791/public_html/prestashop/tools/smarty/sysplugins/smarty_internal_templatebase.php on line 858
[20-Oct-2014 16:23:47 Asia/Ho_Chi_Minh] PHP Fatal error:  Uncaught  --> Smarty: Call of unknown method 'clear_compiled_tpl'. <-- 
  thrown in /home/u994114791/public_html/prestashop/tools/smarty/sysplugins/smarty_internal_templatebase.php on line 858
[20-Oct-2014 16:24:00 Asia/Ho_Chi_Minh] PHP Fatal error:  Uncaught  --> Smarty: Call of unknown method 'clear_compiled_tpl'. <-- 
  thrown in /home/u994114791/public_html/prestashop/tools/smarty/sysplugins/smarty_internal_templatebase.php on line 858
[20-Oct-2014 16:25:01 Asia/Ho_Chi_Minh] PHP Fatal error:  Uncaught  --> Smarty: Call of unknown method 'clear_compiled_tpl'. <-- 
  thrown in /home/u994114791/public_html/prestashop/tools/smarty/sysplugins/smarty_internal_templatebase.php on line 858
[20-Oct-2014 16:25:25 Asia/Ho_Chi_Minh] PHP Fatal error:  Uncaught  --> Smarty: Call of unknown method 'clear_compiled_tpl'. <-- 
  thrown in /home/u994114791/public_html/prestashop/tools/smarty/sysplugins/smarty_internal_templatebase.php on line 858
[20-Oct-2014 16:26:16 Asia/Ho_Chi_Minh] PHP Fatal error:  Uncaught  --> Smarty: Call of unknown method 'clear_compiled_tpl'. <-- 
  thrown in /home/u994114791/public_html/prestashop/tools/smarty/sysplugins/smarty_internal_templatebase.php on line 858
[20-Oct-2014 16:26:27 Asia/Ho_Chi_Minh] PHP Fatal error:  Uncaught  --> Smarty: Call of unknown method 'clear_compiled_tpl'. <-- 
  thrown in /home/u994114791/public_html/prestashop/tools/smarty/sysplugins/smarty_internal_templatebase.php on line 858
[20-Oct-2014 16:27:46 Asia/Ho_Chi_Minh] PHP Fatal error:  Uncaught  --> Smarty: Call of unknown method 'clear_compiled_tpl'. <-- 
  thrown in /home/u994114791/public_html/prestashop/tools/smarty/sysplugins/smarty_internal_templatebase.php on line 858
[20-Oct-2014 16:28:55 Asia/Ho_Chi_Minh] PHP Fatal error:  Uncaught  --> Smarty: Call of unknown method 'clear_compiled_tpl'. <-- 
  thrown in /home/u994114791/public_html/prestashop/tools/smarty/sysplugins/smarty_internal_templatebase.php on line 858
[20-Oct-2014 16:31:28 Asia/Ho_Chi_Minh] PHP Fatal error:  Uncaught  --> Smarty: Call of unknown method 'clear_compiled_tpl'. <-- 
  thrown in /home/u994114791/public_html/prestashop/tools/smarty/sysplugins/smarty_internal_templatebase.php on line 858
[20-Oct-2014 16:33:16 Asia/Ho_Chi_Minh] PHP Fatal error:  Uncaught  --> Smarty: Call of unknown method 'clear_compiled_tpl'. <-- 
  thrown in /home/u994114791/public_html/prestashop/tools/smarty/sysplugins/smarty_internal_templatebase.php on line 858
[20-Oct-2014 16:33:33 Asia/Ho_Chi_Minh] PHP Fatal error:  Uncaught  --> Smarty: Call of unknown method 'clear_compiled_tpl'. <-- 
  thrown in /home/u994114791/public_html/prestashop/tools/smarty/sysplugins/smarty_internal_templatebase.php on line 858
[20-Oct-2014 16:37:03 Asia/Ho_Chi_Minh] PHP Fatal error:  Uncaught  --> Smarty: Call of unknown method 'clear_compiled_tpl'. <-- 
  thrown in /home/u994114791/public_html/prestashop/tools/smarty/sysplugins/smarty_internal_templatebase.php on line 858
[20-Oct-2014 16:41:41 Asia/Ho_Chi_Minh] PHP Fatal error:  Uncaught  --> Smarty: Call of unknown method 'clear_compiled_tpl'. <-- 
  thrown in /home/u994114791/public_html/prestashop/tools/smarty/sysplugins/smarty_internal_templatebase.php on line 858
[20-Oct-2014 16:44:35 Asia/Ho_Chi_Minh] PHP Fatal error:  Uncaught  --> Smarty: Call of unknown method 'clear_compiled_tpl'. <-- 
  thrown in /home/u994114791/public_html/prestashop/tools/smarty/sysplugins/smarty_internal_templatebase.php on line 858
[20-Oct-2014 16:49:25 Asia/Ho_Chi_Minh] PHP Fatal error:  Uncaught  --> Smarty: Call of unknown method 'clear_compiled_tpl'. <-- 
  thrown in /home/u994114791/public_html/prestashop/tools/smarty/sysplugins/smarty_internal_templatebase.php on line 858
[20-Oct-2014 16:50:03 Asia/Ho_Chi_Minh] PHP Fatal error:  Uncaught  --> Smarty: Call of unknown method 'clear_compiled_tpl'. <-- 
  thrown in /home/u994114791/public_html/prestashop/tools/smarty/sysplugins/smarty_internal_templatebase.php on line 858
[20-Oct-2014 16:58:25 Asia/Ho_Chi_Minh] PHP Fatal error:  Uncaught  --> Smarty: Call of unknown method 'clear_compiled_tpl'. <-- 
  thrown in /home/u994114791/public_html/prestashop/tools/smarty/sysplugins/smarty_internal_templatebase.php on line 858
[20-Oct-2014 16:58:37 Asia/Ho_Chi_Minh] PHP Fatal error:  Uncaught  --> Smarty: Call of unknown method 'clear_compiled_tpl'. <-- 
  thrown in /home/u994114791/public_html/prestashop/tools/smarty/sysplugins/smarty_internal_templatebase.php on line 858
[20-Oct-2014 17:01:43 Asia/Ho_Chi_Minh] PHP Fatal error:  Uncaught  --> Smarty: Call of unknown method 'clear_compiled_tpl'. <-- 
  thrown in /home/u994114791/public_html/prestashop/tools/smarty/sysplugins/smarty_internal_templatebase.php on line 858
[20-Oct-2014 17:10:58 Asia/Ho_Chi_Minh] PHP Fatal error:  Uncaught  --> Smarty: Call of unknown method 'clear_compiled_tpl'. <-- 
  thrown in /home/u994114791/public_html/prestashop/tools/smarty/sysplugins/smarty_internal_templatebase.php on line 858
[20-Oct-2014 17:11:03 Asia/Ho_Chi_Minh] PHP Fatal error:  Uncaught  --> Smarty: Call of unknown method 'clear_compiled_tpl'. <-- 
  thrown in /home/u994114791/public_html/prestashop/tools/smarty/sysplugins/smarty_internal_templatebase.php on line 858
[20-Oct-2014 17:11:14 Asia/Ho_Chi_Minh] PHP Fatal error:  Uncaught  --> Smarty: Call of unknown method 'clear_compiled_tpl'. <-- 
  thrown in /home/u994114791/public_html/prestashop/tools/smarty/sysplugins/smarty_internal_templatebase.php on line 858
[20-Oct-2014 17:11:20 Asia/Ho_Chi_Minh] PHP Fatal error:  Uncaught  --> Smarty: Call of unknown method 'clear_compiled_tpl'. <-- 
  thrown in /home/u994114791/public_html/prestashop/tools/smarty/sysplugins/smarty_internal_templatebase.php on line 858
[20-Oct-2014 17:11:27 Asia/Ho_Chi_Minh] PHP Fatal error:  Uncaught  --> Smarty: Call of unknown method 'clear_compiled_tpl'. <-- 
  thrown in /home/u994114791/public_html/prestashop/tools/smarty/sysplugins/smarty_internal_templatebase.php on line 858
[20-Oct-2014 17:11:52 Asia/Ho_Chi_Minh] PHP Fatal error:  Uncaught  --> Smarty: Call of unknown method 'clear_compiled_tpl'. <-- 
  thrown in /home/u994114791/public_html/prestashop/tools/smarty/sysplugins/smarty_internal_templatebase.php on line 858
[20-Oct-2014 17:14:39 Asia/Ho_Chi_Minh] PHP Fatal error:  Uncaught  --> Smarty: Call of unknown method 'clear_compiled_tpl'. <-- 
  thrown in /home/u994114791/public_html/prestashop/tools/smarty/sysplugins/smarty_internal_templatebase.php on line 858
[20-Oct-2014 17:15:00 Asia/Ho_Chi_Minh] PHP Fatal error:  Uncaught  --> Smarty: Call of unknown method 'clear_compiled_tpl'. <-- 
  thrown in /home/u994114791/public_html/prestashop/tools/smarty/sysplugins/smarty_internal_templatebase.php on line 858
[20-Oct-2014 17:15:09 Asia/Ho_Chi_Minh] PHP Fatal error:  Uncaught  --> Smarty: Call of unknown method 'clear_compiled_tpl'. <-- 
  thrown in /home/u994114791/public_html/prestashop/tools/smarty/sysplugins/smarty_internal_templatebase.php on line 858
[20-Oct-2014 18:03:28 Asia/Ho_Chi_Minh] PHP Fatal error:  Uncaught  --> Smarty: Call of unknown method 'clear_compiled_tpl'. <-- 
  thrown in /home/u994114791/public_html/prestashop/tools/smarty/sysplugins/smarty_internal_templatebase.php on line 858
[20-Oct-2014 18:03:33 Asia/Ho_Chi_Minh] PHP Fatal error:  Uncaught  --> Smarty: Call of unknown method 'clear_compiled_tpl'. <-- 
  thrown in /home/u994114791/public_html/prestashop/tools/smarty/sysplugins/smarty_internal_templatebase.php on line 858
[20-Oct-2014 18:03:36 Asia/Ho_Chi_Minh] PHP Fatal error:  Uncaught  --> Smarty: Call of unknown method 'clear_compiled_tpl'. <-- 
  thrown in /home/u994114791/public_html/prestashop/tools/smarty/sysplugins/smarty_internal_templatebase.php on line 858
[20-Oct-2014 18:03:40 Asia/Ho_Chi_Minh] PHP Fatal error:  Uncaught  --> Smarty: Call of unknown method 'clear_compiled_tpl'. <-- 
  thrown in /home/u994114791/public_html/prestashop/tools/smarty/sysplugins/smarty_internal_templatebase.php on line 858
[20-Oct-2014 18:07:49 Asia/Ho_Chi_Minh] PHP Fatal error:  Uncaught  --> Smarty: Call of unknown method 'clear_compiled_tpl'. <-- 
  thrown in /home/u994114791/public_html/prestashop/tools/smarty/sysplugins/smarty_internal_templatebase.php on line 858
[20-Oct-2014 18:43:14 Asia/Ho_Chi_Minh] PHP Warning:  set_time_limit() has been disabled for security reasons in /home/u994114791/public_html/modules/cronjobs/cronjobs.php on line 264
[21-Oct-2014 06:38:16 Asia/Ho_Chi_Minh] PHP Warning:  fputcsv() [<a href='function.fputcsv'>function.fputcsv</a>]: delimiter must be a character in /home/u994114791/public_html/modules/sendinblue/EmptyImportSubUsersFile.php on line 37
[21-Oct-2014 06:57:29 Asia/Ho_Chi_Minh] PHP Warning:  scandir(/home/u994114791/public_html/modules/sendinblue/mails/vn/) [<a href='function.scandir'>function.scandir</a>]: failed to open dir: No such file or directory in /home/u994114791/public_html/controllers/admin/AdminTranslationsController.php on line 2572
[21-Oct-2014 06:57:29 Asia/Ho_Chi_Minh] PHP Warning:  scandir() [<a href='function.scandir'>function.scandir</a>]: (errno 2): No such file or directory in /home/u994114791/public_html/controllers/admin/AdminTranslationsController.php on line 2572
[21-Oct-2014 06:57:29 Asia/Ho_Chi_Minh] PHP Warning:  Invalid argument supplied for foreach() in /home/u994114791/public_html/controllers/admin/AdminTranslationsController.php on line 2572
[21-Oct-2014 22:16:53 Asia/Ho_Chi_Minh] PHP Warning:  Invalid argument supplied for foreach() in /home/u994114791/public_html/classes/controller/AdminController.php on line 1535
[21-Oct-2014 22:40:28 Asia/Ho_Chi_Minh] PHP Warning:  htmlspecialchars() [<a href='function.htmlspecialchars'>function.htmlspecialchars</a>]: Invalid multibyte sequence in argument in /home/u994114791/public_html/cache/smarty/compile/c7/d7/a6/c7d7a69b100f6f4aa8b32194971dfde31a432e12.file.list_content.tpl.php on line 228
[21-Oct-2014 22:41:13 Asia/Ho_Chi_Minh] PHP Warning:  htmlspecialchars() [<a href='function.htmlspecialchars'>function.htmlspecialchars</a>]: Invalid multibyte sequence in argument in /home/u994114791/public_html/cache/smarty/compile/c7/d7/a6/c7d7a69b100f6f4aa8b32194971dfde31a432e12.file.list_content.tpl.php on line 228
[21-Oct-2014 22:42:22 Asia/Ho_Chi_Minh] PHP Warning:  htmlspecialchars() [<a href='function.htmlspecialchars'>function.htmlspecialchars</a>]: Invalid multibyte sequence in argument in /home/u994114791/public_html/cache/smarty/compile/c7/d7/a6/c7d7a69b100f6f4aa8b32194971dfde31a432e12.file.list_content.tpl.php on line 228
[21-Oct-2014 22:43:02 Asia/Ho_Chi_Minh] PHP Warning:  htmlspecialchars() [<a href='function.htmlspecialchars'>function.htmlspecialchars</a>]: Invalid multibyte sequence in argument in /home/u994114791/public_html/cache/smarty/compile/c7/d7/a6/c7d7a69b100f6f4aa8b32194971dfde31a432e12.file.list_content.tpl.php on line 228
[21-Oct-2014 22:45:02 Asia/Ho_Chi_Minh] PHP Warning:  htmlspecialchars() [<a href='function.htmlspecialchars'>function.htmlspecialchars</a>]: Invalid multibyte sequence in argument in /home/u994114791/public_html/cache/smarty/compile/c7/d7/a6/c7d7a69b100f6f4aa8b32194971dfde31a432e12.file.list_content.tpl.php on line 228
[26-Oct-2014 09:34:53 Asia/Ho_Chi_Minh] PHP Warning:  htmlspecialchars() [<a href='function.htmlspecialchars'>function.htmlspecialchars</a>]: Invalid multibyte sequence in argument in /home/u994114791/public_html/cache/smarty/compile/c7/d7/a6/c7d7a69b100f6f4aa8b32194971dfde31a432e12.file.list_content.tpl.php on line 228
[02-Nov-2014 19:07:42 Asia/Ho_Chi_Minh] PHP Warning:  Invalid argument supplied for foreach() in /home/u994114791/public_html/controllers/front/SupplierController.php on line 135
[04-Nov-2014 18:37:59 Asia/Ho_Chi_Minh] PHP Warning:  Invalid argument supplied for foreach() in /home/u994114791/public_html/modules/blockcategories/blockcategories.php on line 227
[04-Nov-2014 18:38:00 Asia/Ho_Chi_Minh] PHP Warning:  Invalid argument supplied for foreach() in /home/u994114791/public_html/modules/blocktags/blocktags.php on line 101
[05-Nov-2014 09:21:37 Asia/Ho_Chi_Minh] PHP Warning:  Invalid argument supplied for foreach() in /home/u994114791/public_html/classes/controller/AdminController.php on line 1535
[05-Nov-2014 09:21:37 Asia/Ho_Chi_Minh] PHP Warning:  Invalid argument supplied for foreach() in /home/u994114791/public_html/modules/gsitemap/gsitemap.php on line 53
[05-Nov-2014 09:25:05 Asia/Ho_Chi_Minh] PHP Warning:  Unterminated comment starting line 409 in /home/u994114791/public_html/modules/gsitemap/gsitemap.php on line 409
[05-Nov-2014 09:25:05 Asia/Ho_Chi_Minh] PHP Parse error:  syntax error, unexpected $end, expecting T_FUNCTION in /home/u994114791/public_html/modules/gsitemap/gsitemap.php on line 410
[05-Nov-2014 09:25:50 Asia/Ho_Chi_Minh] PHP Warning:  Invalid argument supplied for foreach() in /home/u994114791/public_html/classes/controller/AdminController.php on line 1535
[05-Nov-2014 21:11:30 Asia/Ho_Chi_Minh] PHP Warning:  Invalid argument supplied for foreach() in /home/u994114791/public_html/controllers/front/SupplierController.php on line 135
[06-Nov-2014 10:41:37 Asia/Ho_Chi_Minh] PHP Catchable fatal error:  Argument 2 passed to ObjectModelCore::hydrateCollection() must be an array, boolean given, called in /home/u994114791/public_html/classes/PrestaShopCollection.php on line 358 and defined in /home/u994114791/public_html/classes/ObjectModel.php on line 1495
[06-Nov-2014 15:00:39 Asia/Ho_Chi_Minh] PHP Warning:  Invalid argument supplied for foreach() in /home/u994114791/public_html/modules/blockcategories/blockcategories.php on line 227
[06-Nov-2014 15:03:57 Asia/Ho_Chi_Minh] PHP Fatal error:  Uncaught  --> Smarty: unable to write file /home/u994114791/public_html/cache/smarty/compile/81/66/d5/wrt545b2b6dc89391_28204840 <-- 
  thrown in /home/u994114791/public_html/tools/smarty/sysplugins/smarty_internal_write_file.php on line 46
[06-Nov-2014 15:11:52 Asia/Ho_Chi_Minh] PHP Warning:  Invalid argument supplied for foreach() in /home/u994114791/public_html/classes/controller/FrontController.php on line 953
[06-Nov-2014 15:12:30 Asia/Ho_Chi_Minh] PHP Warning:  Invalid argument supplied for foreach() in /home/u994114791/public_html/classes/ProductSale.php on line 168
